0 info it worked if it ends with ok
1 verbose cli [ '/usr/bin/nodejs', '/usr/bin/npm', 'i', '-g', 'bower' ]
2 info using npm@3.10.3
3 info using node@v4.4.3
4 silly loadCurrentTree Starting
5 silly install loadCurrentTree
6 silly install readGlobalPackageData
7 silly fetchPackageMetaData bower
8 silly fetchNamedPackageData bower
9 silly mapToRegistry name bower
10 silly mapToRegistry using default registry
11 silly mapToRegistry registry http://registry.npmjs.org/
12 silly mapToRegistry data Result {
12 silly mapToRegistry   raw: 'bower',
12 silly mapToRegistry   scope: null,
12 silly mapToRegistry   escapedName: 'bower',
12 silly mapToRegistry   name: 'bower',
12 silly mapToRegistry   rawSpec: '',
12 silly mapToRegistry   spec: 'latest',
12 silly mapToRegistry   type: 'tag' }
13 silly mapToRegistry uri http://registry.npmjs.org/bower
14 verbose request uri http://registry.npmjs.org/bower
15 verbose request no auth needed
16 info attempt registry request try #1 at 1:42:04 AM
17 verbose request id 198c0d19f7e85deb
18 verbose etag W/"5869f105-2ac9b"
19 verbose lastModified Mon, 02 Jan 2017 06:19:49 GMT
20 http request GET http://registry.npmjs.org/bower
21 http 200 http://registry.npmjs.org/bower
22 verbose headers { server: 'nginx/1.10.1',
22 verbose headers   'content-type': 'application/json',
22 verbose headers   'last-modified': 'Thu, 02 Feb 2017 00:48:24 GMT',
22 verbose headers   etag: 'W/"589281d8-2adf7"',
22 verbose headers   'content-encoding': 'gzip',
22 verbose headers   'cache-control': 'max-age=300',
22 verbose headers   'content-length': '16505',
22 verbose headers   'accept-ranges': 'bytes',
22 verbose headers   date: 'Tue, 07 Feb 2017 17:42:05 GMT',
22 verbose headers   via: '1.1 varnish',
22 verbose headers   age: '0',
22 verbose headers   connection: 'keep-alive',
22 verbose headers   'x-served-by': 'cache-hkg6821-HKG',
22 verbose headers   'x-cache': 'HIT',
22 verbose headers   'x-cache-hits': '1',
22 verbose headers   'x-timer': 'S1486489325.424937,VS0,VE159',
22 verbose headers   vary: 'Accept-Encoding' }
23 silly get cb [ 200,
23 silly get   { server: 'nginx/1.10.1',
23 silly get     'content-type': 'application/json',
23 silly get     'last-modified': 'Thu, 02 Feb 2017 00:48:24 GMT',
23 silly get     etag: 'W/"589281d8-2adf7"',
23 silly get     'content-encoding': 'gzip',
23 silly get     'cache-control': 'max-age=300',
23 silly get     'content-length': '16505',
23 silly get     'accept-ranges': 'bytes',
23 silly get     date: 'Tue, 07 Feb 2017 17:42:05 GMT',
23 silly get     via: '1.1 varnish',
23 silly get     age: '0',
23 silly get     connection: 'keep-alive',
23 silly get     'x-served-by': 'cache-hkg6821-HKG',
23 silly get     'x-cache': 'HIT',
23 silly get     'x-cache-hits': '1',
23 silly get     'x-timer': 'S1486489325.424937,VS0,VE159',
23 silly get     vary: 'Accept-Encoding' } ]
24 verbose get saving bower to /home/henrylim/.npm/registry.npmjs.org/bower/.cache.json
25 verbose correctMkdir /home/henrylim/.npm correctMkdir not in flight; initializing
26 silly install normalizeTree
27 silly loadCurrentTree Finishing
28 silly loadIdealTree Starting
29 silly install loadIdealTree
30 silly cloneCurrentTree Starting
31 silly install cloneCurrentTreeToIdealTree
32 silly cloneCurrentTree Finishing
33 silly loadShrinkwrap Starting
34 silly install loadShrinkwrap
35 silly loadShrinkwrap Finishing
36 silly loadAllDepsIntoIdealTree Starting
37 silly install loadAllDepsIntoIdealTree
38 silly resolveWithNewModule bower@1.8.0 checking installable status
39 silly cache add args [ 'bower', null ]
40 verbose cache add spec bower
41 silly cache add parsed spec Result {
41 silly cache add   raw: 'bower',
41 silly cache add   scope: null,
41 silly cache add   escapedName: 'bower',
41 silly cache add   name: 'bower',
41 silly cache add   rawSpec: '',
41 silly cache add   spec: 'latest',
41 silly cache add   type: 'tag' }
42 silly addNamed bower@latest
43 verbose addNamed "latest" is being treated as a dist-tag for bower
44 info addNameTag [ 'bower', 'latest' ]
45 silly mapToRegistry name bower
46 silly mapToRegistry using default registry
47 silly mapToRegistry registry http://registry.npmjs.org/
48 silly mapToRegistry data Result {
48 silly mapToRegistry   raw: 'bower',
48 silly mapToRegistry   scope: null,
48 silly mapToRegistry   escapedName: 'bower',
48 silly mapToRegistry   name: 'bower',
48 silly mapToRegistry   rawSpec: '',
48 silly mapToRegistry   spec: 'latest',
48 silly mapToRegistry   type: 'tag' }
49 silly mapToRegistry uri http://registry.npmjs.org/bower
50 verbose addNameTag registry:http://registry.npmjs.org/bower not in flight; fetching
51 verbose get http://registry.npmjs.org/bower not expired, no request
52 silly addNameTag next cb for bower with tag latest
53 silly addNamed bower@1.8.0
54 verbose addNamed "1.8.0" is a plain semver version for bower
55 silly cache afterAdd bower@1.8.0
56 verbose afterAdd /home/henrylim/.npm/bower/1.8.0/package/package.json not in flight; writing
57 verbose correctMkdir /home/henrylim/.npm correctMkdir not in flight; initializing
58 verbose afterAdd /home/henrylim/.npm/bower/1.8.0/package/package.json written
59 silly loadAllDepsIntoIdealTree Finishing
60 silly loadIdealTree Finishing
61 silly currentTree lib
61 silly currentTree └── bower@1.7.9
62 silly idealTree lib
62 silly idealTree └── bower@1.8.0
63 silly generateActionsToTake Starting
64 silly install generateActionsToTake
65 warn checkPermissions Missing write access to /usr/lib/node_modules/bower
66 warn checkPermissions Missing write access to /usr/lib/node_modules
67 silly rollbackFailedOptional Starting
68 silly rollbackFailedOptional Finishing
69 silly runTopLevelLifecycles Starting
70 silly runTopLevelLifecycles Finishing
71 silly install printInstalled
72 verbose stack Error: EACCES: permission denied, access '/usr/lib/node_modules/bower'
72 verbose stack     at Error (native)
73 verbose cwd /home/henrylim/Documents/Polymer/samarium
74 error Linux 4.4.0-62-generic
75 error argv "/usr/bin/nodejs" "/usr/bin/npm" "i" "-g" "bower"
76 error node v4.4.3
77 error npm  v3.10.3
78 error path /usr/lib/node_modules/bower
79 error code EACCES
80 error errno -13
81 error syscall access
82 error Error: EACCES: permission denied, access '/usr/lib/node_modules/bower'
82 error     at Error (native)
82 error  { [Error: EACCES: permission denied, access '/usr/lib/node_modules/bower']
82 error   errno: -13,
82 error   code: 'EACCES',
82 error   syscall: 'access',
82 error   path: '/usr/lib/node_modules/bower' }
83 error Please try running this command again as root/Administrator.
84 verbose exit [ -13, true ]
